Arguments: 
  /usr/local/bin/node /usr/local/bin/yarn init

PATH: 
  /usr/local/heroku/bin:/usr/local/bin:/usr/bin:/bin:/usr/sbin:/sbin:/usr/local/sbin:/usr/local/opt/ruby/bin:/usr/local/lib/python2.7/site-packages:/usr/local/share/npm/bin

Yarn version: 
  1.4.0

Node version: 
  9.2.0

Platform: 
  darwin x64

npm manifest: 
  {
    "name": "firebase-messenger",
    "version": "1.0.0",
    "description": "A messager made with Firebase.",
    "main": "app.js",
    "scripts": {
      "test": "echo \"Error: no test specified\" && exit 1"
    },
    "repository": {
      "type": "git",
      "url": "git+https://github.com/duncangrubbs/firebase-messenger.git"
    },
    "author": "",
    "license": "ISC",
    "bugs": {
      "url": "https://github.com/duncangrubbs/firebase-messenger/issues"
    },
    "homepage": "https://github.com/duncangrubbs/firebase-messenger#readme",
    "devDependencies": {
      "eslint": "^3.15.0",
      "eslint-config-airbnb-base": "^11.1.0",
      "eslint-plugin-import": "^2.2.0"
    }
  }

yarn manifest: 
  No manifest

Lockfile: 
  No lockfile

Trace: 
  Error: canceled
      at Interface.<anonymous> (/usr/local/lib/node_modules/yarn/lib/cli.js:127827:13)
      at Interface.emit (events.js:159:13)
      at Interface._ttyWrite (readline.js:786:16)
      at ReadStream.onkeypress (readline.js:165:10)
      at ReadStream.emit (events.js:159:13)
      at emitKeys (internal/readline.js:420:14)
      at emitKeys.next (<anonymous>)
      at ReadStream.onData (readline.js:1022:36)
      at ReadStream.emit (events.js:159:13)
      at addChunk (_stream_readable.js:265:12)
